<?xml version="1.0" encoding="UTF-8"?>
<!-- Generated by org.testng.reporters.JUnitReportReporter -->
<testsuite hostname="Winchesters-MacBook-Air.local" failures="0" tests="1" name="testCases.TC_01_Account_registration" time="1.648" errors="0" timestamp="2025-06-06T22:26:07 IST" skipped="0">
  <testcase classname="testCases.TC_01_Account_registration" name="validation" time="1.648"/>
  <system-out/>
</testsuite> <!-- testCases.TC_01_Account_registration -->
