<?xml version="1.0" encoding="UTF-8"?>
<!-- Generated by org.testng.reporters.JUnitReportReporter -->
<testsuite hostname="Winchesters-MacBook-Air.local" failures="0" tests="1" name="testCases.TestCase01" time="0.371" errors="0" timestamp="2025-06-03T23:47:31 IST" skipped="0">
  <testcase classname="testCases.TestCase01" name="validation" time="0.371"/>
  <system-out/>
</testsuite> <!-- testCases.TestCase01 -->
